Unity Editor version:    2021.1.26f1 (6f076387c01d)
Branch:                  2021.1/staging
Build type:              Release
Batch mode:              YES
macOS version:           Version 11.4 (Build 20F71)
Darwin version:          20.5.0
Architecture:            x86_64
Running under Rosetta:   NO
Available memory:        16384 MB
Using pre-set license
Pro License: NO
Pro License: NO

COMMAND LINE ARGUMENTS:
/Applications/Unity/Unity.app/Contents/MacOS/Unity
-adb2
-batchMode
-noUpm
-name
AssetImportWorker0
-projectPath
/Users/fadiakkaoui/Desktop/MogProjectRepo/Träning
-logFile
Logs/AssetImportWorker0.log
-srvPort
58085
Successfully changed project path to: /Users/fadiakkaoui/Desktop/MogProjectRepo/Träning
/Users/fadiakkaoui/Desktop/MogProjectRepo/Träning
Using Asset Import Pipeline V2.
Refreshing native plugins compatible for Editor in 96.66 ms, found 2 plugins.
Preloading 0 native plugins for Editor in 0.00 ms.
Initialize engine version: 2021.1.26f1 (6f076387c01d)
[Subsystems] Discovering subsystems at path /Applications/Unity/Unity.app/Contents/Resources/UnitySubsystems
[Subsystems] Discovering subsystems at path /Users/fadiakkaoui/Desktop/MogProjectRepo/Träning/Assets
GfxDevice: creating device client; threaded=0; jobified=0
2021-11-05 09:49:16.195 Unity[50585:2559496] Color LCD preferred device: AMD Radeon Pro 5500M (high power)
2021-11-05 09:49:16.195 Unity[50585:2559496] Metal devices available: 2
2021-11-05 09:49:16.195 Unity[50585:2559496] 0: AMD Radeon Pro 5500M (high power)
2021-11-05 09:49:16.195 Unity[50585:2559496] 1: Intel(R) UHD Graphics 630 (low power)
2021-11-05 09:49:16.195 Unity[50585:2559496] Using device AMD Radeon Pro 5500M (high power)
Initializing Metal device caps: AMD Radeon Pro 5500M
Initialize mono
Mono path[0] = '/Applications/Unity/Unity.app/Contents/Managed'
Mono path[1] = '/Applications/Unity/Unity.app/Contents/MonoBleedingEdge/lib/mono/unityjit'
Mono config path = '/Applications/Unity/Unity.app/Contents/MonoBleedingEdge/etc'
Using monoOptions --debugger-agent=transport=dt_socket,embedding=1,server=y,suspend=n,address=127.0.0.1:56585
Begin MonoManager ReloadAssembly
Error scanning for extension ivy.xml files: System.UnauthorizedAccessException: Access to the path '/Applications/Unity/PlaybackEngines/WebGLSupport/BuildTools/Emscripten_Mac/node' is denied.
  at System.IO.__Error.WinIOError (System.Int32 errorCode, System.String maybeFullPath) [0x00129] in <695d1cc93cca45069c528c15c9fdd749>:0 
  at System.IO.FileSystemEnumerableIterator`1[TSource].HandleError (System.Int32 hr, System.String path) [0x00006] in <695d1cc93cca45069c528c15c9fdd749>:0 
  at System.IO.FileSystemEnumerableIterator`1[TSource].AddSearchableDirsToStack (System.IO.Directory+SearchData localSearchData) [0x00053] in <695d1cc93cca45069c528c15c9fdd749>:0 
  at System.IO.FileSystemEnumerableIterator`1[TSource].MoveNext () [0x0008e] in <695d1cc93cca45069c528c15c9fdd749>:0 
  at System.Collections.Generic.List`1[T]..ctor (System.Collections.Generic.IEnumerable`1[T] collection) [0x00077] in <695d1cc93cca45069c528c15c9fdd749>:0 
  at System.IO.Directory.InternalGetFileDirectoryNames (System.String path, System.String userPathOriginal, System.String searchPattern, System.Boolean includeFiles, System.Boolean includeDirs, System.IO.SearchOption searchOption, System.Boolean checkHost) [0x0000f] in <695d1cc93cca45069c528c15c9fdd749>:0 
  at System.IO.Directory.InternalGetFiles (System.String path, System.String searchPattern, System.IO.SearchOption searchOption) [0x00000] in <695d1cc93cca45069c528c15c9fdd749>:0 
  at System.IO.Directory.GetFiles (System.String path, System.String searchPattern, System.IO.SearchOption searchOption) [0x00038] in <695d1cc93cca45069c528c15c9fdd749>:0 
  at UnityEditor.Modules.ModuleManager.LoadLegacyExtensionsFromIvyFiles () [0x000a5] in /Users/bokken/buildslave/unity/build/Editor/Mono/Modules/ModuleManager.cs:253 
Registering precompiled unity dll's ...
Register platform support module: /Applications/Unity/PlaybackEngines/WebGLSupport/UnityEditor.WebGL.Extensions.dll
Register platform support module: /Applications/Unity/Unity.app/Contents/PlaybackEngines/MacStandaloneSupport/UnityEditor.OSXStandalone.Extensions.dll
Register platform support module: /Applications/Unity/PlaybackEngines/LinuxStandaloneSupport/UnityEditor.LinuxStandalone.Extensions.dll
Registered in 0.003198 seconds.
Native extension for LinuxStandalone target not found
Native extension for OSXStandalone target not found
Native extension for WebGL target not found
Refreshing native plugins compatible for Editor in 104.69 ms, found 2 plugins.
Preloading 0 native plugins for Editor in 0.00 ms.
Mono: successfully reloaded assembly
- Completed reload, in  3.187 seconds
Domain Reload Profiling:
	ReloadAssembly (3187ms)
		BeginReloadAssembly (111ms)
			ExecutionOrderSort (0ms)
			DisableScriptedObjects (0ms)
			BackupInstance (0ms)
			ReleaseScriptingObjects (0ms)
			CreateAndSetChildDomain (1ms)
		EndReloadAssembly (694ms)
			LoadAssemblies (113ms)
			RebuildTransferFunctionScriptingTraits (0ms)
			SetupTypeCache (256ms)
			ReleaseScriptCaches (0ms)
			RebuildScriptCaches (50ms)
			SetupLoadedEditorAssemblies (330ms)
				LogAssemblyErrors (0ms)
				InitializePlatformSupportModulesInManaged (11ms)
				SetLoadedEditorAssemblies (0ms)
				RefreshPlugins (108ms)
				BeforeProcessingInitializeOnLoad (2ms)
				ProcessInitializeOnLoadAttributes (171ms)
				ProcessInitializeOnLoadMethodAttributes (37ms)
				AfterProcessingInitializeOnLoad (0ms)
				EditorAssembliesLoaded (0ms)
			ExecutionOrderSort2 (0ms)
			AwakeInstancesAfterBackupRestoration (0ms)
Platform modules already initialized, skipping
Registering precompiled user dll's ...
Registered in 0.003375 seconds.
Begin MonoManager ReloadAssembly
Symbol file LoadedFromMemory doesn't match image /Users/fadiakkaoui/Desktop/MogProjectRepo/Träning/Library/PackageCache/com.unity.visualscripting@1.6.1/Editor/VisualScripting.Core/Dependencies/YamlDotNet/Unity.VisualScripting.YamlDotNet.dll
Symbol file LoadedFromMemory doesn't match image /Users/fadiakkaoui/Desktop/MogProjectRepo/Träning/Library/PackageCache/com.unity.visualscripting@1.6.1/Editor/VisualScripting.Core/Dependencies/DotNetZip/Unity.VisualScripting.IonicZip.dll
Native extension for LinuxStandalone target not found
Native extension for OSXStandalone target not found
Native extension for WebGL target not found
Refreshing native plugins compatible for Editor in 0.57 ms, found 2 plugins.
Preloading 0 native plugins for Editor in 0.00 ms.
Mono: successfully reloaded assembly
- Completed reload, in  1.463 seconds
Domain Reload Profiling:
	ReloadAssembly (1463ms)
		BeginReloadAssembly (204ms)
			ExecutionOrderSort (0ms)
			DisableScriptedObjects (6ms)
			BackupInstance (0ms)
			ReleaseScriptingObjects (0ms)
			CreateAndSetChildDomain (40ms)
		EndReloadAssembly (1183ms)
			LoadAssemblies (94ms)
			RebuildTransferFunctionScriptingTraits (0ms)
			SetupTypeCache (497ms)
			ReleaseScriptCaches (1ms)
			RebuildScriptCaches (68ms)
			SetupLoadedEditorAssemblies (388ms)
				LogAssemblyErrors (0ms)
				InitializePlatformSupportModulesInManaged (7ms)
				SetLoadedEditorAssemblies (1ms)
				RefreshPlugins (1ms)
				BeforeProcessingInitializeOnLoad (71ms)
				ProcessInitializeOnLoadAttributes (294ms)
				ProcessInitializeOnLoadMethodAttributes (13ms)
				AfterProcessingInitializeOnLoad (1ms)
				EditorAssembliesLoaded (0ms)
			ExecutionOrderSort2 (0ms)
			AwakeInstancesAfterBackupRestoration (9ms)
Platform modules already initialized, skipping
========================================================================
Worker process is ready to serve import requests
Launching external process: /Applications/Unity/Unity.app/Contents/Tools/UnityShaderCompiler
Launched and connected shader compiler UnityShaderCompiler after 0.02 seconds
Refreshing native plugins compatible for Editor in 0.94 ms, found 2 plugins.
Preloading 0 native plugins for Editor in 0.00 ms.
Unloading 3040 Unused Serialized files (Serialized files now loaded: 0)
System memory in use before: 216.3 MB.
System memory in use after: 216.5 MB.

Unloading 23 unused Assets to reduce memory usage. Loaded Objects now: 3483.
Total: 3.355007 ms (FindLiveObjects: 0.257343 ms CreateObjectMapping: 0.153770 ms MarkObjects: 2.890230 ms  DeleteObjects: 0.052698 ms)

AssetImportParameters requested are different than current active one (requested -> active):
  custom:video-decoder-ogg-theora: a1e56fd34408186e4bbccfd4996cb3dc -> 
  custom:container-muxer-webm: aa71ff27fc2769a1b78a27578f13a17b -> 
  custom:container-demuxer-webm: 4f35f7cbe854078d1ac9338744f61a02 -> 
  custom:container-demuxer-ogg: 62fdf1f143b41e24485cea50d1cbac27 -> 
  custom:video-encoder-webm-vp8: eb34c28f22e8b96e1ab97ce403110664 -> 
  custom:framework-osx-AVFoundation: e770b220cccbd017edd2c1fefb359320 -> 
  custom:video-decoder-webm-vp8: 9c59270c3fd7afecdb556c50c9e8de78 -> 
  custom:audio-decoder-ogg-vorbis: bf7c407c2cedff20999df2af8eb42d56 -> 
  custom:audio-encoder-webm-vorbis: bf7c407c2cedff20999df2af8eb42d56 -> 
========================================================================
Received Import Request.
  path: Assets/Scenes
  artifactKey: Guid(89ab7a39bf4594326845af2c0982057e) Importer(815301076,1909f56bfc062723c751e8b465ee728b)
Start importing Assets/Scenes using Guid(89ab7a39bf4594326845af2c0982057e) Importer(815301076,1909f56bfc062723c751e8b465ee728b)  -> (artifact id: '304b9b1ec6aa5a111ba86b794669917c') in 0.006263 seconds 
========================================================================
Received Import Request.
  Time since last request: 58.161701 seconds.
  path: Assets/Scenes/SampleScene.unity
  artifactKey: Guid(9fc0d4010bbf28b4594072e72b8655ab) Importer(815301076,1909f56bfc062723c751e8b465ee728b)
Start importing Assets/Scenes/SampleScene.unity using Guid(9fc0d4010bbf28b4594072e72b8655ab) Importer(815301076,1909f56bfc062723c751e8b465ee728b)  -> (artifact id: '85059f4f9e1a832ed95adaa0d25c5c4c') in 0.014230 seconds 
========================================================================
Received Import Request.
  Time since last request: 1731.411478 seconds.
  path: Assets/Scenes/Car Body.prefab
  artifactKey: Guid(073e330100b864597ad603659ef6fc2b) Importer(815301076,1909f56bfc062723c751e8b465ee728b)
Start importing Assets/Scenes/Car Body.prefab using Guid(073e330100b864597ad603659ef6fc2b) Importer(815301076,1909f56bfc062723c751e8b465ee728b)  -> (artifact id: '94ab9a4bd4b28d3e68e9899acfce58d3') in 2.186591 seconds 
========================================================================
Received Import Request.
  Time since last request: 101.710574 seconds.
  path: Assets/Scenes/Car Body.prefab
  artifactKey: Guid(073e330100b864597ad603659ef6fc2b) Importer(815301076,1909f56bfc062723c751e8b465ee728b)
Start importing Assets/Scenes/Car Body.prefab using Guid(073e330100b864597ad603659ef6fc2b) Importer(815301076,1909f56bfc062723c751e8b465ee728b)  -> (artifact id: 'd010e5d1d460a9d5c319de67b6be9877') in 0.022819 seconds 
========================================================================
Received Import Request.
  Time since last request: 4.811366 seconds.
  path: Assets/Scenes/Car Body.prefab
  artifactKey: Guid(073e330100b864597ad603659ef6fc2b) Importer(815301076,1909f56bfc062723c751e8b465ee728b)
Start importing Assets/Scenes/Car Body.prefab using Guid(073e330100b864597ad603659ef6fc2b) Importer(815301076,1909f56bfc062723c751e8b465ee728b)  -> (artifact id: 'f8d7ac5e702cf8f8a19a95f6d6149474') in 0.027212 seconds 
========================================================================
Received Import Request.
  Time since last request: 3.193949 seconds.
  path: Assets/Scenes/Car Body.prefab
  artifactKey: Guid(073e330100b864597ad603659ef6fc2b) Importer(815301076,1909f56bfc062723c751e8b465ee728b)
Start importing Assets/Scenes/Car Body.prefab using Guid(073e330100b864597ad603659ef6fc2b) Importer(815301076,1909f56bfc062723c751e8b465ee728b)  -> (artifact id: '1c497724989a46fa702b763f801f1e65') in 0.021864 seconds 
========================================================================
Received Import Request.
  Time since last request: 3.407919 seconds.
  path: Assets/Scenes/Car Body.prefab
  artifactKey: Guid(073e330100b864597ad603659ef6fc2b) Importer(815301076,1909f56bfc062723c751e8b465ee728b)
Start importing Assets/Scenes/Car Body.prefab using Guid(073e330100b864597ad603659ef6fc2b) Importer(815301076,1909f56bfc062723c751e8b465ee728b)  -> (artifact id: '0d78d59025675db7cd3262adf8432dc5') in 0.020857 seconds 
========================================================================
Received Import Request.
  Time since last request: 7.457253 seconds.
  path: Assets/Scenes/Car Body.prefab
  artifactKey: Guid(073e330100b864597ad603659ef6fc2b) Importer(815301076,1909f56bfc062723c751e8b465ee728b)
Start importing Assets/Scenes/Car Body.prefab using Guid(073e330100b864597ad603659ef6fc2b) Importer(815301076,1909f56bfc062723c751e8b465ee728b)  -> (artifact id: '77c720d04161709af497cf70bddbeb4d') in 0.025292 seconds 
========================================================================
Received Import Request.
  Time since last request: 1129.892083 seconds.
  path: Assets/Scenes/Motorcycle.prefab
  artifactKey: Guid(32669e7c7128c4a79b37ba203b6b5de5) Importer(815301076,1909f56bfc062723c751e8b465ee728b)
Start importing Assets/Scenes/Motorcycle.prefab using Guid(32669e7c7128c4a79b37ba203b6b5de5) Importer(815301076,1909f56bfc062723c751e8b465ee728b)  -> (artifact id: '09f5863a941ad8ac2ccf5b2e1128df9d') in 0.012888 seconds 
========================================================================
Received Import Request.
  Time since last request: 1113.994588 seconds.
  path: Assets/Scenes/Streetlight.prefab
  artifactKey: Guid(f3a8b391a2b674d48b86cc704a127081) Importer(815301076,1909f56bfc062723c751e8b465ee728b)
Start importing Assets/Scenes/Streetlight.prefab using Guid(f3a8b391a2b674d48b86cc704a127081) Importer(815301076,1909f56bfc062723c751e8b465ee728b)  -> (artifact id: 'b3ba94b35b628a33facc68770be56be8') in 0.030838 seconds 
========================================================================
Received Import Request.
  Time since last request: 174.021938 seconds.
  path: Assets/Scenes/Streetlight.prefab
  artifactKey: Guid(f3a8b391a2b674d48b86cc704a127081) Importer(815301076,1909f56bfc062723c751e8b465ee728b)
Start importing Assets/Scenes/Streetlight.prefab using Guid(f3a8b391a2b674d48b86cc704a127081) Importer(815301076,1909f56bfc062723c751e8b465ee728b)  -> (artifact id: 'ef3a1da405b736dfca7bef40a9e6a843') in 0.010378 seconds 
========================================================================
Received Import Request.
  Time since last request: 735.150206 seconds.
  path: Assets/Tree.prefab
  artifactKey: Guid(4939a412fe4d84f9ba8ab8434edf66af) Importer(815301076,1909f56bfc062723c751e8b465ee728b)
Start importing Assets/Tree.prefab using Guid(4939a412fe4d84f9ba8ab8434edf66af) Importer(815301076,1909f56bfc062723c751e8b465ee728b)  -> (artifact id: '960eae564011214028eba7c666f6d7d8') in 1.034403 seconds 
